{"error":{},"level":"error","message":"Error in undefined","timestamp":"2024-02-09T06:52:50.681Z"}
{"error":{},"level":"error","message":"Error in undefined","timestamp":"2024-02-09T06:53:06.655Z"}
{"error":{"code":403,"description":"Forbidden: bot was kicked from the supergroup chat","on":{"method":"sendMessage","payload":{"chat_id":-1002102814132,"text":"An unexpected error occurred. Please try again later."}},"parameters":{},"response":{"description":"Forbidden: bot was kicked from the supergroup chat","error_code":403,"ok":false}},"level":"error","message":"Error in message","timestamp":"2024-02-09T06:53:10.527Z"}
{"error":{},"level":"error","message":"Error in undefined","timestamp":"2024-02-09T06:54:12.882Z"}
{"error":{},"level":"error","message":"Error in undefined","timestamp":"2024-02-09T06:54:12.887Z"}
{"error":{},"level":"error","message":"Error in message","timestamp":"2024-02-11T08:45:34.985Z"}
{"error":{},"level":"error","message":"Error in message","timestamp":"2024-02-11T08:54:59.113Z"}
{"error":{},"level":"error","message":"Error in message","timestamp":"2024-02-11T08:57:45.294Z"}
{"error":{},"level":"error","message":"Error in message","timestamp":"2024-02-11T09:02:02.897Z"}
{"error":{},"level":"error","message":"Error in message","timestamp":"2024-02-11T09:07:09.870Z"}
{"error":{},"level":"error","message":"Error in message","timestamp":"2024-02-11T09:28:16.662Z"}
{"error":{},"level":"error","message":"Error in message","timestamp":"2024-02-11T09:29:18.288Z"}
{"error":{},"level":"error","message":"Error in message","timestamp":"2024-02-11T09:29:58.150Z"}
{"error":{},"level":"error","message":"Error in message","timestamp":"2024-02-11T09:32:36.821Z"}
{"error":{},"level":"error","message":"Error in message","timestamp":"2024-02-11T09:37:14.313Z"}
{"error":{},"level":"error","message":"Error in message","timestamp":"2024-02-11T09:38:31.726Z"}
{"error":{},"level":"error","message":"Error in undefined","timestamp":"2024-02-11T12:45:18.458Z"}
{"error":{},"level":"error","message":"Error in undefined","timestamp":"2024-02-11T12:45:40.905Z"}
{"error":{},"level":"error","message":"Error in undefined","timestamp":"2024-02-11T12:45:40.912Z"}
{"error":{},"level":"error","message":"Error in undefined","timestamp":"2024-02-11T12:46:35.023Z"}
{"error":{},"level":"error","message":"Error in undefined","timestamp":"2024-02-11T12:46:35.030Z"}
{"error":{},"level":"error","message":"Error in undefined","timestamp":"2024-02-11T12:46:35.032Z"}
{"error":{},"level":"error","message":"Error in undefined","timestamp":"2024-02-11T12:47:40.276Z"}
{"error":{},"level":"error","message":"Error in undefined","timestamp":"2024-02-11T12:47:40.282Z"}
{"error":{},"level":"error","message":"Error in undefined","timestamp":"2024-02-11T12:47:40.283Z"}
{"error":{},"level":"error","message":"Error in undefined","timestamp":"2024-02-11T12:48:19.266Z"}
{"error":{},"level":"error","message":"Error in undefined","timestamp":"2024-02-11T12:48:19.272Z"}
{"error":{},"level":"error","message":"Error in undefined","timestamp":"2024-02-11T12:48:19.273Z"}
{"error":{},"level":"error","message":"Error in undefined","timestamp":"2024-02-11T12:51:31.131Z"}
{"error":{},"level":"error","message":"Error in undefined","timestamp":"2024-02-11T12:51:31.136Z"}
{"error":{},"level":"error","message":"Error in undefined","timestamp":"2024-02-11T12:51:31.137Z"}
{"error":{},"level":"error","message":"Error in undefined","timestamp":"2024-02-11T12:53:51.708Z"}
{"error":{},"level":"error","message":"Error in undefined","timestamp":"2024-02-11T12:53:51.713Z"}
{"error":{},"level":"error","message":"Error in undefined","timestamp":"2024-02-11T12:53:51.714Z"}
{"error":{},"level":"error","message":"Error in undefined","timestamp":"2024-02-11T12:54:19.171Z"}
{"error":{},"level":"error","message":"Error in undefined","timestamp":"2024-02-11T12:54:19.178Z"}
{"error":{},"level":"error","message":"Error in undefined","timestamp":"2024-02-11T12:54:19.179Z"}
{"error":{"code":429,"description":"Too Many Requests: retry after 25","on":{"method":"sendMessage","payload":{"chat_id":-4105038230,"text":"Sorry, I encountered an error while processing your message. Please try again later."}},"parameters":{"retry_after":25},"response":{"description":"Too Many Requests: retry after 25","error_code":429,"ok":false,"parameters":{"retry_after":25}}},"level":"error","message":"Error in message","timestamp":"2024-02-11T12:54:31.389Z"}
{"error":{"code":429,"description":"Too Many Requests: retry after 25","on":{"method":"sendMessage","payload":{"chat_id":-4105038230,"text":"Sorry, I encountered an error while processing your message. Please try again later."}},"parameters":{"retry_after":25},"response":{"description":"Too Many Requests: retry after 25","error_code":429,"ok":false,"parameters":{"retry_after":25}}},"level":"error","message":"Error in message","timestamp":"2024-02-11T12:54:31.399Z"}
{"error":{},"level":"error","message":"Error in undefined","timestamp":"2024-02-11T12:54:52.535Z"}
{"error":{},"level":"error","message":"Error in undefined","timestamp":"2024-02-11T12:54:52.541Z"}
{"error":{},"level":"error","message":"Error in undefined","timestamp":"2024-02-11T12:54:52.542Z"}
{"error":{},"level":"error","message":"Error in undefined","timestamp":"2024-02-11T12:59:42.204Z"}
{"error":{},"level":"error","message":"Error in undefined","timestamp":"2024-02-11T12:59:42.209Z"}
{"error":{},"level":"error","message":"Error in undefined","timestamp":"2024-02-11T12:59:42.210Z"}
{"error":{},"level":"error","message":"Error in undefined","timestamp":"2024-02-11T13:06:05.243Z"}
{"error":{},"level":"error","message":"Error in undefined","timestamp":"2024-02-11T13:06:05.246Z"}
{"error":{},"level":"error","message":"Error in undefined","timestamp":"2024-02-11T13:06:05.246Z"}
{"level":"error","message":"Error in [object Object]","timestamp":"2024-02-11T13:09:28.501Z"}
{"level":"error","message":"Error in [object Object]","timestamp":"2024-02-11T13:09:28.504Z"}
{"level":"error","message":"Error in [object Object]","timestamp":"2024-02-11T13:09:28.505Z"}
{"level":"error","message":"Error in [object Object]","timestamp":"2024-03-17T07:58:59.022Z"}
{"level":"error","message":"Error in [object Object]","timestamp":"2024-03-17T08:00:13.959Z"}
{"level":"error","message":"Error in [object Object]","timestamp":"2024-03-17T08:02:47.412Z"}
